<?xml version="1.0" encoding="UTF-8"?>
<testng-results ignored="0" total="1" passed="1" failed="0" skipped="0">
  <reporter-output>
  </reporter-output>
  <suite started-at="2023-08-22T10:35:15 IST" name="Default suite" finished-at="2023-08-22T10:35:18 IST" duration-ms="2646">
    <groups>
    </groups>
    <test started-at="2023-08-22T10:35:15 IST" name="Default test" finished-at="2023-08-22T10:35:18 IST" duration-ms="2646">
      <class name="mavendemo.TestNGDemo">
        <test-method signature="testWebdriverDemo()[pri:-1, instance:mavendemo.TestNGDemo@7f3b84b8]" started-at="2023-08-22T10:35:15 IST" name="testWebdriverDemo" finished-at="2023-08-22T10:35:18 IST" duration-ms="2612" status="PASS">
          <reporter-output>
          </reporter-output>
        </test-method> <!-- testWebdriverDemo -->
      </class> <!-- mavendemo.TestNGDemo -->
    </test> <!-- Default test -->
  </suite> <!-- Default suite -->
</testng-results>
